TN:
SF:src\components\common\button.tsx
FN:9,(anonymous_0)
FNF:1
FNH:1
FNDA:53,(anonymous_0)
DA:9,2
DA:10,53
DA:20,2
LF:3
LH:3
BRF:0
BRH:0
end_of_record
TN:
SF:src\components\common\input.tsx
FN:15,(anonymous_1)
FN:26,(anonymous_2)
FN:33,(anonymous_3)
FN:37,(anonymous_4)
FN:41,(anonymous_5)
FN:53,(anonymous_6)
FN:83,(anonymous_7)
FNF:7
FNH:5
FNDA:37,(anonymous_1)
FNDA:8,(anonymous_2)
FNDA:10,(anonymous_3)
FNDA:17,(anonymous_4)
FNDA:17,(anonymous_5)
FNDA:0,(anonymous_6)
FNDA:0,(anonymous_7)
DA:1,2
DA:2,2
DA:3,2
DA:4,2
DA:15,2
DA:21,37
DA:22,37
DA:23,37
DA:24,37
DA:26,37
DA:27,8
DA:28,0
DA:33,37
DA:34,10
DA:37,37
DA:38,17
DA:41,37
DA:42,17
DA:43,17
DA:44,1
DA:45,0
DA:46,0
DA:47,0
DA:49,1
DA:53,37
DA:54,0
DA:55,0
DA:56,0
DA:59,37
DA:83,0
DA:92,2
LF:31
LH:23
BRDA:16,0,0,37
BRDA:27,1,0,0
BRDA:34,2,0,10
BRDA:34,2,1,8
BRDA:42,3,0,17
BRDA:43,4,0,1
BRDA:44,5,0,0
BRDA:73,6,0,37
BRDA:73,6,1,26
BRF:9
BRH:7
end_of_record
TN:
SF:src\components\search\index.tsx
FN:12,(anonymous_1)
FN:35,(anonymous_2)
FN:39,(anonymous_3)
FN:40,(anonymous_4)
FN:41,(anonymous_5)
FN:43,(anonymous_6)
FN:44,(anonymous_7)
FN:48,(anonymous_8)
FNF:8
FNH:7
FNDA:4,(anonymous_1)
FNDA:2,(anonymous_2)
FNDA:2,(anonymous_3)
FNDA:2,(anonymous_4)
FNDA:2,(anonymous_5)
FNDA:2,(anonymous_6)
FNDA:2,(anonymous_7)
FNDA:0,(anonymous_8)
DA:1,1
DA:3,1
DA:4,1
DA:5,1
DA:12,1
DA:13,4
DA:20,4
DA:25,4
DA:26,4
DA:27,4
DA:28,4
DA:35,4
DA:36,2
DA:39,4
DA:40,2
DA:41,2
DA:43,2
DA:44,2
DA:48,4
DA:49,0
DA:50,0
DA:51,0
DA:52,0
DA:53,0
DA:54,0
DA:56,0
DA:57,0
DA:59,0
DA:64,0
DA:68,4
DA:84,1
LF:31
LH:21
BRDA:51,0,0,0
BRDA:51,0,1,0
BRDA:52,1,0,0
BRDA:57,2,0,0
BRDA:57,2,1,0
BRDA:76,3,0,4
BRDA:76,3,1,2
BRF:7
BRH:2
end_of_record
TN:
SF:src\components\search\item.tsx
FN:9,(anonymous_0)
FN:21,(anonymous_1)
FN:23,(anonymous_2)
FNF:3
FNH:3
FNDA:37,(anonymous_0)
FNDA:3,(anonymous_1)
FNDA:12,(anonymous_2)
DA:1,4
DA:9,4
DA:15,37
DA:22,3
DA:23,12
DA:34,4
LF:6
LH:6
BRDA:19,0,0,2
BRDA:19,0,1,35
BRDA:23,1,0,7
BRDA:23,1,1,5
BRDA:28,2,0,0
BRDA:28,2,1,37
BRF:6
BRH:5
end_of_record
TN:
SF:src\components\search\itemSearchResult.tsx
FN:7,(anonymous_0)
FNF:1
FNH:1
FNDA:7,(anonymous_0)
DA:2,3
DA:7,3
DA:8,7
DA:19,3
LF:4
LH:4
BRF:0
BRH:0
end_of_record
TN:
SF:src\components\search\listItems.tsx
FN:9,(anonymous_1)
FN:13,(anonymous_2)
FNF:2
FNH:2
FNDA:10,(anonymous_1)
FNDA:34,(anonymous_2)
DA:1,3
DA:2,3
DA:9,3
DA:10,10
DA:13,34
DA:18,3
LF:6
LH:6
BRDA:12,0,0,10
BRDA:12,0,1,9
BRF:2
BRH:2
end_of_record
TN:
SF:src\components\search\listResults.tsx
FN:10,(anonymous_1)
FN:15,(anonymous_2)
FN:34,(anonymous_3)
FNF:3
FNH:3
FNDA:7,(anonymous_1)
FNDA:5,(anonymous_2)
FNDA:4,(anonymous_3)
DA:1,2
DA:3,2
DA:10,2
DA:15,7
DA:16,5
DA:17,5
DA:18,5
DA:20,7
DA:35,4
DA:41,2
LF:10
LH:10
BRDA:22,0,0,7
BRDA:22,0,1,2
BRDA:22,1,0,1
BRDA:22,1,1,1
BRDA:33,2,0,7
BRDA:33,2,1,2
BRF:6
BRH:6
end_of_record
TN:
SF:src\components\search\searchBar.tsx
FN:11,(anonymous_10)
FN:21,(anonymous_11)
FN:22,(anonymous_12)
FN:26,(anonymous_13)
FN:39,(anonymous_14)
FN:43,(anonymous_15)
FN:49,(anonymous_16)
FN:66,(anonymous_17)
FN:94,(anonymous_18)
FNF:9
FNH:8
FNDA:13,(anonymous_10)
FNDA:8,(anonymous_11)
FNDA:24,(anonymous_12)
FNDA:324,(anonymous_13)
FNDA:17,(anonymous_14)
FNDA:1,(anonymous_15)
FNDA:0,(anonymous_16)
FNDA:1,(anonymous_17)
FNDA:1,(anonymous_18)
DA:1,2
DA:2,2
DA:3,2
DA:4,2
DA:11,2
DA:16,13
DA:17,13
DA:18,13
DA:19,13
DA:21,13
DA:22,8
DA:24,24
DA:25,24
DA:26,24
DA:27,324
DA:38,13
DA:40,17
DA:42,17
DA:43,1
DA:44,1
DA:45,1
DA:46,1
DA:48,16
DA:49,0
DA:50,0
DA:51,0
DA:52,0
DA:54,16
DA:55,1
DA:56,1
DA:57,1
DA:58,1
DA:59,1
DA:66,13
DA:67,1
DA:68,1
DA:69,1
DA:70,1
DA:71,1
DA:72,1
DA:74,0
DA:75,0
DA:76,0
DA:79,13
DA:95,1
DA:96,1
DA:97,1
DA:107,2
LF:48
LH:41
BRDA:27,0,0,150
BRDA:27,0,1,174
BRDA:40,1,0,0
BRDA:40,2,0,17
BRDA:40,2,1,17
BRDA:42,3,0,1
BRDA:42,3,1,16
BRDA:44,4,0,1
BRDA:44,4,1,0
BRDA:44,5,0,1
BRDA:44,5,1,0
BRDA:48,6,0,0
BRDA:48,6,1,16
BRDA:50,7,0,0
BRDA:50,7,1,0
BRDA:50,8,0,0
BRDA:50,8,1,0
BRDA:54,9,0,1
BRDA:54,10,0,16
BRDA:54,10,1,1
BRDA:67,11,0,1
BRDA:89,12,0,13
BRDA:89,12,1,11
BRDA:89,12,2,7
BRF:24
BRH:16
end_of_record
TN:
SF:src\hooks\useDebounce.ts
FN:3,useDebounce
FN:6,(anonymous_1)
FN:7,(anonymous_2)
FN:11,(anonymous_3)
FNF:4
FNH:3
FNDA:37,useDebounce
FNDA:27,(anonymous_1)
FNDA:0,(anonymous_2)
FNDA:27,(anonymous_3)
DA:1,2
DA:4,37
DA:6,37
DA:7,27
DA:8,0
DA:11,27
DA:13,27
DA:18,37
DA:21,2
LF:9
LH:8
BRF:0
BRH:0
end_of_record
